[2021-12-14T19:04:49.103] [DEBUG] cheese - Url {
  protocol: 'https:',
  slashes: true,
  auth: null,
  host: 'www.baidu.com:443',
  port: '443',
  hostname: 'www.baidu.com',
  hash: '#tag=3',
  search: '?id=2',
  query: 'id=2',
  pathname: '/path/index.html',
  path: '/path/index.html?id=2',
  href: 'https://www.baidu.com:443/path/index.html?id=2#tag=3'
}
[2021-12-14T19:06:40.375] [DEBUG] cheese - https://www.baidu.com:443/path/index.html?id=2#tag=3
[2021-12-15T13:18:37.844] [DEBUG] cheese - http://www.abc.com/
[2021-12-15T13:18:37.851] [DEBUG] cheese - http://www.abc.com/b
[2021-12-15T13:19:54.052] [DEBUG] cheese - URLSearchParams { 'https://www.baidu.com:443/path/index.html?id' => '2#tag=3' }
[2021-12-15T13:24:49.624] [DEBUG] cheese - 2
[2021-12-15T18:17:11.096] [DEBUG] cheese - 2
[2021-12-15T18:19:36.695] [DEBUG] cheese - [Object: null prototype] { id: '2', name: 'tongyi', from: '北京' }
[2021-12-15T18:20:38.378] [DEBUG] cheese - id%3D2%26name%3Dtongyi%26from%3D%E5%8C%97%E4%BA%AC
[2021-12-15T18:21:33.152] [DEBUG] cheese - id=2&name=tongyi&from=北京
[2021-12-15T18:22:50.437] [DEBUG] cheese - id/2:name/tongyi:from/%E5%8C%97%E4%BA%AC
[2021-12-15T18:23:32.026] [DEBUG] cheese - [Object: null prototype] { id: '2', name: 'tongyi', from: '北京' }
[2021-12-16T13:21:00.630] [DEBUG] cheese - id=2&name=tongyi&from=北京
[2021-12-16T13:31:52.493] [DEBUG] cheese - <ref *2> IncomingMessage {
  _readableState: ReadableState {
    objectMode: false,
    highWaterMark: 16384,
    buffer: BufferList { head: null, tail: null, length: 0 },
    length: 0,
    pipes: [],
    flowing: null,
    ended: false,
    endEmitted: false,
    reading: false,
    sync: true,
    needReadable: false,
    emittedReadable: false,
    readableListening: false,
    resumeScheduled: false,
    errorEmitted: false,
    emitClose: true,
    autoDestroy: false,
    destroyed: false,
    errored: null,
    closed: false,
    closeEmitted: false,
    defaultEncoding: 'utf8',
    awaitDrainWriters: null,
    multiAwaitDrain: false,
    readingMore: true,
    decoder: null,
    encoding: null,
    [Symbol(kPaused)]: null
  },
  _events: [Object: null prototype] { end: [Function: clearRequestTimeout] },
  _eventsCount: 1,
  _maxListeners: undefined,
  socket: <ref *1> Socket {
    connecting: false,
    _hadError: false,
    _parent: null,
    _host: null,
    _readableState: ReadableState {
      objectMode: false,
      highWaterMark: 16384,
      buffer: BufferList { head: null, tail: null, length: 0 },
      length: 0,
      pipes: [],
      flowing: true,
      ended: false,
      endEmitted: false,
      reading: true,
      sync: false,
      needReadable: true,
      emittedReadable: false,
      readableListening: false,
      resumeScheduled: false,
      errorEmitted: false,
      emitClose: false,
      autoDestroy: false,
      destroyed: false,
      errored: null,
      closed: false,
      closeEmitted: false,
      defaultEncoding: 'utf8',
      awaitDrainWriters: null,
      multiAwaitDrain: false,
      readingMore: false,
      decoder: null,
      encoding: null,
      [Symbol(kPaused)]: false
    },
    _events: [Object: null prototype] {
      end: [Array],
      timeout: [Function: socketOnTimeout],
      data: [Function: bound socketOnData],
      error: [Function: socketOnError],
      close: [Array],
      drain: [Function: bound socketOnDrain],
      resume: [Function: onSocketResume],
      pause: [Function: onSocketPause]
    },
    _eventsCount: 8,
    _maxListeners: undefined,
    _writableState: WritableState {
      objectMode: false,
      highWaterMark: 16384,
      finalCalled: false,
      needDrain: false,
      ending: false,
      ended: false,
      finished: false,
      destroyed: false,
      decodeStrings: false,
      defaultEncoding: 'utf8',
      length: 0,
      writing: false,
      corked: 0,
      sync: true,
      bufferProcessing: false,
      onwrite: [Function: bound onwrite],
      writecb: null,
      writelen: 0,
      afterWriteTickInfo: null,
      buffered: [],
      bufferedIndex: 0,
      allBuffers: true,
      allNoop: true,
      pendingcb: 0,
      prefinished: false,
      errorEmitted: false,
      emitClose: false,
      autoDestroy: false,
      errored: null,
      closed: false,
      closeEmitted: false
    },
    allowHalfOpen: true,
    _sockname: null,
    _pendingData: null,
    _pendingEncoding: '',
    server: Server {
      maxHeaderSize: undefined,
      insecureHTTPParser: undefined,
      _events: [Object: null prototype],
      _eventsCount: 2,
      _maxListeners: undefined,
      _connections: 2,
      _handle: [TCP],
      _usingWorkers: false,
      _workers: [],
      _unref: false,
      allowHalfOpen: true,
      pauseOnConnect: false,
      httpAllowHalfOpen: false,
      timeout: 0,
      keepAliveTimeout: 5000,
      maxHeadersCount: null,
      headersTimeout: 60000,
      requestTimeout: 0,
      _connectionKey: '6::::8080',
      [Symbol(IncomingMessage)]: [Function: IncomingMessage],
      [Symbol(ServerResponse)]: [Function: ServerResponse],
      [Symbol(kCapture)]: false,
      [Symbol(async_id_symbol)]: 6
    },
    _server: Server {
      maxHeaderSize: undefined,
      insecureHTTPParser: undefined,
      _events: [Object: null prototype],
      _eventsCount: 2,
      _maxListeners: undefined,
      _connections: 2,
      _handle: [TCP],
      _usingWorkers: false,
      _workers: [],
      _unref: false,
      allowHalfOpen: true,
      pauseOnConnect: false,
      httpAllowHalfOpen: false,
      timeout: 0,
      keepAliveTimeout: 5000,
      maxHeadersCount: null,
      headersTimeout: 60000,
      requestTimeout: 0,
      _connectionKey: '6::::8080',
      [Symbol(IncomingMessage)]: [Function: IncomingMessage],
      [Symbol(ServerResponse)]: [Function: ServerResponse],
      [Symbol(kCapture)]: false,
      [Symbol(async_id_symbol)]: 6
    },
    parser: HTTPParser {
      '0': [Function: bound setRequestTimeout],
      '1': [Function: parserOnHeaders],
      '2': [Function: parserOnHeadersComplete],
      '3': [Function: parserOnBody],
      '4': [Function: parserOnMessageComplete],
      '5': [Function: bound onParserExecute],
      '6': [Function: bound onParserTimeout],
      _headers: [],
      _url: '',
      socket: [Circular *1],
      incoming: [Circular *2],
      outgoing: null,
      maxHeaderPairs: 2000,
      _consumed: true,
      onIncoming: [Function: bound parserOnIncoming],
      [Symbol(resource_symbol)]: [HTTPServerAsyncResource]
    },
    on: [Function: socketListenerWrap],
    addListener: [Function: socketListenerWrap],
    prependListener: [Function: socketListenerWrap],
    _paused: false,
    _httpMessage: ServerResponse {
      _events: [Object: null prototype],
      _eventsCount: 1,
      _maxListeners: undefined,
      outputData: [],
      outputSize: 0,
      writable: true,
      destroyed: false,
      _last: false,
      chunkedEncoding: false,
      shouldKeepAlive: true,
      _defaultKeepAlive: true,
      useChunkedEncodingByDefault: true,
      sendDate: true,
      _removedConnection: false,
      _removedContLen: false,
      _removedTE: false,
      _contentLength: null,
      _hasBody: true,
      _trailer: '',
      finished: false,
      _headerSent: false,
      socket: [Circular *1],
      _header: null,
      _keepAliveTimeout: 5000,
      _onPendingData: [Function: bound updateOutgoingData],
      _sent100: false,
      _expect_continue: false,
      [Symbol(kCapture)]: false,
      [Symbol(kNeedDrain)]: false,
      [Symbol(corked)]: 0,
      [Symbol(kOutHeaders)]: null
    },
    [Symbol(async_id_symbol)]: 10,
    [Symbol(kHandle)]: TCP {
      reading: true,
      onconnection: null,
      _consumed: true,
      [Symbol(owner_symbol)]: [Circular *1]
    },
    [Symbol(kSetNoDelay)]: false,
    [Symbol(lastWriteQueueSize)]: 0,
    [Symbol(timeout)]: null,
    [Symbol(kBuffer)]: null,
    [Symbol(kBufferCb)]: null,
    [Symbol(kBufferGen)]: null,
    [Symbol(kCapture)]: false,
    [Symbol(kBytesRead)]: 0,
    [Symbol(kBytesWritten)]: 0,
    [Symbol(RequestTimeout)]: undefined
  },
  httpVersionMajor: 1,
  httpVersionMinor: 1,
  httpVersion: '1.1',
  complete: false,
  headers: {
    host: 'localhost:8080',
    connection: 'keep-alive',
    'sec-ch-ua': '" Not A;Brand";v="99", "Chromium";v="96", "Google Chrome";v="96"',
    'sec-ch-ua-mobile': '?0',
    'sec-ch-ua-platform': '"macOS"',
    'upgrade-insecure-requests': '1',
    'user-agent': 'Mozilla/5.0 (Macintosh; Intel Mac OS X 10_15_7) AppleWebKit/537.36 (KHTML, like Gecko) Chrome/96.0.4664.93 Safari/537.36',
    accept: 'text/html,application/xhtml+xml,application/xml;q=0.9,image/avif,image/webp,image/apng,*/*;q=0.8,application/signed-exchange;v=b3;q=0.9',
    'sec-fetch-site': 'none',
    'sec-fetch-mode': 'navigate',
    'sec-fetch-user': '?1',
    'sec-fetch-dest': 'document',
    'accept-encoding': 'gzip, deflate, br',
    'accept-language': 'zh-CN,zh;q=0.9,en;q=0.8,und;q=0.7',
    cookie: 'sensorsdata2015jssdkcross=%7B%22distinct_id%22%3A%2217c0cea3fc44c8-0f0d582485716d-5437971-250125-17c0cea3fc52f4%22%2C%22first_id%22%3A%22%22%2C%22props%22%3A%7B%22%24latest_traffic_source_type%22%3A%22url%E7%9A%84domain%E8%A7%A3%E6%9E%90%E5%A4%B1%E8%B4%A5%22%2C%22%24latest_search_keyword%22%3A%22url%E7%9A%84domain%E8%A7%A3%E6%9E%90%E5%A4%B1%E8%B4%A5%22%2C%22%24latest_referrer%22%3A%22url%E7%9A%84domain%E8%A7%A3%E6%9E%90%E5%A4%B1%E8%B4%A5%22%7D%2C%22%24device_id%22%3A%2217c0cea3fc44c8-0f0d582485716d-5437971-250125-17c0cea3fc52f4%22%7D; Hm_lvt_dfd2445765658d46619739a80fb5f6b2=1632653596; ssuid=8456631840; bad_idb0e6cf40-a70a-11eb-9a75-4d3e44bda0ca=f5772f41-1eb7-11ec-becb-59d7e42cd148; CLOUDID=1ea4bfa2-bc10-4ee5-94b3-dc2260e978e6; WM_UUID=d4354736-391e-405d-9a3d-5c72d84dd7c9; UM_distinctid=17d213aee94cc9-079b871ae7c61d-1c306851-13c680-17d213aee95b40; CNZZDATA1280306924=413962075-1636936331-%7C1636936331'
  },
  rawHeaders: [
    'Host',
    'localhost:8080',
    'Connection',
    'keep-alive',
    'sec-ch-ua',
    '" Not A;Brand";v="99", "Chromium";v="96", "Google Chrome";v="96"',
    'sec-ch-ua-mobile',
    '?0',
    'sec-ch-ua-platform',
    '"macOS"',
    'Upgrade-Insecure-Requests',
    '1',
    'User-Agent',
    'Mozilla/5.0 (Macintosh; Intel Mac OS X 10_15_7) AppleWebKit/537.36 (KHTML, like Gecko) Chrome/96.0.4664.93 Safari/537.36',
    'Accept',
    'text/html,application/xhtml+xml,application/xml;q=0.9,image/avif,image/webp,image/apng,*/*;q=0.8,application/signed-exchange;v=b3;q=0.9',
    'Sec-Fetch-Site',
    'none',
    'Sec-Fetch-Mode',
    'navigate',
    'Sec-Fetch-User',
    '?1',
    'Sec-Fetch-Dest',
    'document',
    'Accept-Encoding',
    'gzip, deflate, br',
    'Accept-Language',
    'zh-CN,zh;q=0.9,en;q=0.8,und;q=0.7',
    'Cookie',
    'sensorsdata2015jssdkcross=%7B%22distinct_id%22%3A%2217c0cea3fc44c8-0f0d582485716d-5437971-250125-17c0cea3fc52f4%22%2C%22first_id%22%3A%22%22%2C%22props%22%3A%7B%22%24latest_traffic_source_type%22%3A%22url%E7%9A%84domain%E8%A7%A3%E6%9E%90%E5%A4%B1%E8%B4%A5%22%2C%22%24latest_search_keyword%22%3A%22url%E7%9A%84domain%E8%A7%A3%E6%9E%90%E5%A4%B1%E8%B4%A5%22%2C%22%24latest_referrer%22%3A%22url%E7%9A%84domain%E8%A7%A3%E6%9E%90%E5%A4%B1%E8%B4%A5%22%7D%2C%22%24device_id%22%3A%2217c0cea3fc44c8-0f0d582485716d-5437971-250125-17c0cea3fc52f4%22%7D; Hm_lvt_dfd2445765658d46619739a80fb5f6b2=1632653596; ssuid=8456631840; bad_idb0e6cf40-a70a-11eb-9a75-4d3e44bda0ca=f5772f41-1eb7-11ec-becb-59d7e42cd148; CLOUDID=1ea4bfa2-bc10-4ee5-94b3-dc2260e978e6; WM_UUID=d4354736-391e-405d-9a3d-5c72d84dd7c9; UM_distinctid=17d213aee94cc9-079b871ae7c61d-1c306851-13c680-17d213aee95b40; CNZZDATA1280306924=413962075-1636936331-%7C1636936331'
  ],
  trailers: {},
  rawTrailers: [],
  aborted: false,
  upgrade: false,
  url: '/',
  method: 'GET',
  statusCode: null,
  statusMessage: null,
  client: <ref *1> Socket {
    connecting: false,
    _hadError: false,
    _parent: null,
    _host: null,
    _readableState: ReadableState {
      objectMode: false,
      highWaterMark: 16384,
      buffer: BufferList { head: null, tail: null, length: 0 },
      length: 0,
      pipes: [],
      flowing: true,
      ended: false,
      endEmitted: false,
      reading: true,
      sync: false,
      needReadable: true,
      emittedReadable: false,
      readableListening: false,
      resumeScheduled: false,
      errorEmitted: false,
      emitClose: false,
      autoDestroy: false,
      destroyed: false,
      errored: null,
      closed: false,
      closeEmitted: false,
      defaultEncoding: 'utf8',
      awaitDrainWriters: null,
      multiAwaitDrain: false,
      readingMore: false,
      decoder: null,
      encoding: null,
      [Symbol(kPaused)]: false
    },
    _events: [Object: null prototype] {
      end: [Array],
      timeout: [Function: socketOnTimeout],
      data: [Function: bound socketOnData],
      error: [Function: socketOnError],
      close: [Array],
      drain: [Function: bound socketOnDrain],
      resume: [Function: onSocketResume],
      pause: [Function: onSocketPause]
    },
    _eventsCount: 8,
    _maxListeners: undefined,
    _writableState: WritableState {
      objectMode: false,
      highWaterMark: 16384,
      finalCalled: false,
      needDrain: false,
      ending: false,
      ended: false,
      finished: false,
      destroyed: false,
      decodeStrings: false,
      defaultEncoding: 'utf8',
      length: 0,
      writing: false,
      corked: 0,
      sync: true,
      bufferProcessing: false,
      onwrite: [Function: bound onwrite],
      writecb: null,
      writelen: 0,
      afterWriteTickInfo: null,
      buffered: [],
      bufferedIndex: 0,
      allBuffers: true,
      allNoop: true,
      pendingcb: 0,
      prefinished: false,
      errorEmitted: false,
      emitClose: false,
      autoDestroy: false,
      errored: null,
      closed: false,
      closeEmitted: false
    },
    allowHalfOpen: true,
    _sockname: null,
    _pendingData: null,
    _pendingEncoding: '',
    server: Server {
      maxHeaderSize: undefined,
      insecureHTTPParser: undefined,
      _events: [Object: null prototype],
      _eventsCount: 2,
      _maxListeners: undefined,
      _connections: 2,
      _handle: [TCP],
      _usingWorkers: false,
      _workers: [],
      _unref: false,
      allowHalfOpen: true,
      pauseOnConnect: false,
      httpAllowHalfOpen: false,
      timeout: 0,
      keepAliveTimeout: 5000,
      maxHeadersCount: null,
      headersTimeout: 60000,
      requestTimeout: 0,
      _connectionKey: '6::::8080',
      [Symbol(IncomingMessage)]: [Function: IncomingMessage],
      [Symbol(ServerResponse)]: [Function: ServerResponse],
      [Symbol(kCapture)]: false,
      [Symbol(async_id_symbol)]: 6
    },
    _server: Server {
      maxHeaderSize: undefined,
      insecureHTTPParser: undefined,
      _events: [Object: null prototype],
      _eventsCount: 2,
      _maxListeners: undefined,
      _connections: 2,
      _handle: [TCP],
      _usingWorkers: false,
      _workers: [],
      _unref: false,
      allowHalfOpen: true,
      pauseOnConnect: false,
      httpAllowHalfOpen: false,
      timeout: 0,
      keepAliveTimeout: 5000,
      maxHeadersCount: null,
      headersTimeout: 60000,
      requestTimeout: 0,
      _connectionKey: '6::::8080',
      [Symbol(IncomingMessage)]: [Function: IncomingMessage],
      [Symbol(ServerResponse)]: [Function: ServerResponse],
      [Symbol(kCapture)]: false,
      [Symbol(async_id_symbol)]: 6
    },
    parser: HTTPParser {
      '0': [Function: bound setRequestTimeout],
      '1': [Function: parserOnHeaders],
      '2': [Function: parserOnHeadersComplete],
      '3': [Function: parserOnBody],
      '4': [Function: parserOnMessageComplete],
      '5': [Function: bound onParserExecute],
      '6': [Function: bound onParserTimeout],
      _headers: [],
      _url: '',
      socket: [Circular *1],
      incoming: [Circular *2],
      outgoing: null,
      maxHeaderPairs: 2000,
      _consumed: true,
      onIncoming: [Function: bound parserOnIncoming],
      [Symbol(resource_symbol)]: [HTTPServerAsyncResource]
    },
    on: [Function: socketListenerWrap],
    addListener: [Function: socketListenerWrap],
    prependListener: [Function: socketListenerWrap],
    _paused: false,
    _httpMessage: ServerResponse {
      _events: [Object: null prototype],
      _eventsCount: 1,
      _maxListeners: undefined,
      outputData: [],
      outputSize: 0,
      writable: true,
      destroyed: false,
      _last: false,
      chunkedEncoding: false,
      shouldKeepAlive: true,
      _defaultKeepAlive: true,
      useChunkedEncodingByDefault: true,
      sendDate: true,
      _removedConnection: false,
      _removedContLen: false,
      _removedTE: false,
      _contentLength: null,
      _hasBody: true,
      _trailer: '',
      finished: false,
      _headerSent: false,
      socket: [Circular *1],
      _header: null,
      _keepAliveTimeout: 5000,
      _onPendingData: [Function: bound updateOutgoingData],
      _sent100: false,
      _expect_continue: false,
      [Symbol(kCapture)]: false,
      [Symbol(kNeedDrain)]: false,
      [Symbol(corked)]: 0,
      [Symbol(kOutHeaders)]: null
    },
    [Symbol(async_id_symbol)]: 10,
    [Symbol(kHandle)]: TCP {
      reading: true,
      onconnection: null,
      _consumed: true,
      [Symbol(owner_symbol)]: [Circular *1]
    },
    [Symbol(kSetNoDelay)]: false,
    [Symbol(lastWriteQueueSize)]: 0,
    [Symbol(timeout)]: null,
    [Symbol(kBuffer)]: null,
    [Symbol(kBufferCb)]: null,
    [Symbol(kBufferGen)]: null,
    [Symbol(kCapture)]: false,
    [Symbol(kBytesRead)]: 0,
    [Symbol(kBytesWritten)]: 0,
    [Symbol(RequestTimeout)]: undefined
  },
  _consuming: false,
  _dumped: false,
  [Symbol(kCapture)]: false,
  [Symbol(RequestTimeout)]: undefined
}
[2021-12-16T13:32:33.965] [DEBUG] cheese - <ref *2> IncomingMessage {
  _readableState: ReadableState {
    objectMode: false,
    highWaterMark: 16384,
    buffer: BufferList { head: null, tail: null, length: 0 },
    length: 0,
    pipes: [],
    flowing: null,
    ended: false,
    endEmitted: false,
    reading: false,
    sync: true,
    needReadable: false,
    emittedReadable: false,
    readableListening: false,
    resumeScheduled: false,
    errorEmitted: false,
    emitClose: true,
    autoDestroy: false,
    destroyed: false,
    errored: null,
    closed: false,
    closeEmitted: false,
    defaultEncoding: 'utf8',
    awaitDrainWriters: null,
    multiAwaitDrain: false,
    readingMore: true,
    decoder: null,
    encoding: null,
    [Symbol(kPaused)]: null
  },
  _events: [Object: null prototype] { end: [Function: clearRequestTimeout] },
  _eventsCount: 1,
  _maxListeners: undefined,
  socket: <ref *1> Socket {
    connecting: false,
    _hadError: false,
    _parent: null,
    _host: null,
    _readableState: ReadableState {
      objectMode: false,
      highWaterMark: 16384,
      buffer: BufferList { head: null, tail: null, length: 0 },
      length: 0,
      pipes: [],
      flowing: true,
      ended: false,
      endEmitted: false,
      reading: true,
      sync: false,
      needReadable: true,
      emittedReadable: false,
      readableListening: false,
      resumeScheduled: false,
      errorEmitted: false,
      emitClose: false,
      autoDestroy: false,
      destroyed: false,
      errored: null,
      closed: false,
      closeEmitted: false,
      defaultEncoding: 'utf8',
      awaitDrainWriters: null,
      multiAwaitDrain: false,
      readingMore: false,
      decoder: null,
      encoding: null,
      [Symbol(kPaused)]: false
    },
    _events: [Object: null prototype] {
      end: [Array],
      timeout: [Function: socketOnTimeout],
      data: [Function: bound socketOnData],
      error: [Function: socketOnError],
      close: [Array],
      drain: [Function: bound socketOnDrain],
      resume: [Function: onSocketResume],
      pause: [Function: onSocketPause]
    },
    _eventsCount: 8,
    _maxListeners: undefined,
    _writableState: WritableState {
      objectMode: false,
      highWaterMark: 16384,
      finalCalled: false,
      needDrain: false,
      ending: false,
      ended: false,
      finished: false,
      destroyed: false,
      decodeStrings: false,
      defaultEncoding: 'utf8',
      length: 0,
      writing: false,
      corked: 0,
      sync: true,
      bufferProcessing: false,
      onwrite: [Function: bound onwrite],
      writecb: null,
      writelen: 0,
      afterWriteTickInfo: null,
      buffered: [],
      bufferedIndex: 0,
      allBuffers: true,
      allNoop: true,
      pendingcb: 0,
      prefinished: false,
      errorEmitted: false,
      emitClose: false,
      autoDestroy: false,
      errored: null,
      closed: false,
      closeEmitted: false
    },
    allowHalfOpen: true,
    _sockname: null,
    _pendingData: null,
    _pendingEncoding: '',
    server: Server {
      maxHeaderSize: undefined,
      insecureHTTPParser: undefined,
      _events: [Object: null prototype],
      _eventsCount: 2,
      _maxListeners: undefined,
      _connections: 2,
      _handle: [TCP],
      _usingWorkers: false,
      _workers: [],
      _unref: false,
      allowHalfOpen: true,
      pauseOnConnect: false,
      httpAllowHalfOpen: false,
      timeout: 0,
      keepAliveTimeout: 5000,
      maxHeadersCount: null,
      headersTimeout: 60000,
      requestTimeout: 0,
      _connectionKey: '6::::8080',
      [Symbol(IncomingMessage)]: [Function: IncomingMessage],
      [Symbol(ServerResponse)]: [Function: ServerResponse],
      [Symbol(kCapture)]: false,
      [Symbol(async_id_symbol)]: 6
    },
    _server: Server {
      maxHeaderSize: undefined,
      insecureHTTPParser: undefined,
      _events: [Object: null prototype],
      _eventsCount: 2,
      _maxListeners: undefined,
      _connections: 2,
      _handle: [TCP],
      _usingWorkers: false,
      _workers: [],
      _unref: false,
      allowHalfOpen: true,
      pauseOnConnect: false,
      httpAllowHalfOpen: false,
      timeout: 0,
      keepAliveTimeout: 5000,
      maxHeadersCount: null,
      headersTimeout: 60000,
      requestTimeout: 0,
      _connectionKey: '6::::8080',
      [Symbol(IncomingMessage)]: [Function: IncomingMessage],
      [Symbol(ServerResponse)]: [Function: ServerResponse],
      [Symbol(kCapture)]: false,
      [Symbol(async_id_symbol)]: 6
    },
    parser: HTTPParser {
      '0': [Function: bound setRequestTimeout],
      '1': [Function: parserOnHeaders],
      '2': [Function: parserOnHeadersComplete],
      '3': [Function: parserOnBody],
      '4': [Function: parserOnMessageComplete],
      '5': [Function: bound onParserExecute],
      '6': [Function: bound onParserTimeout],
      _headers: [],
      _url: '',
      socket: [Circular *1],
      incoming: [Circular *2],
      outgoing: null,
      maxHeaderPairs: 2000,
      _consumed: true,
      onIncoming: [Function: bound parserOnIncoming],
      [Symbol(resource_symbol)]: [HTTPServerAsyncResource]
    },
    on: [Function: socketListenerWrap],
    addListener: [Function: socketListenerWrap],
    prependListener: [Function: socketListenerWrap],
    _paused: false,
    _httpMessage: ServerResponse {
      _events: [Object: null prototype],
      _eventsCount: 1,
      _maxListeners: undefined,
      outputData: [],
      outputSize: 0,
      writable: true,
      destroyed: false,
      _last: false,
      chunkedEncoding: false,
      shouldKeepAlive: true,
      _defaultKeepAlive: true,
      useChunkedEncodingByDefault: true,
      sendDate: true,
      _removedConnection: false,
      _removedContLen: false,
      _removedTE: false,
      _contentLength: null,
      _hasBody: true,
      _trailer: '',
      finished: false,
      _headerSent: false,
      socket: [Circular *1],
      _header: null,
      _keepAliveTimeout: 5000,
      _onPendingData: [Function: bound updateOutgoingData],
      _sent100: false,
      _expect_continue: false,
      [Symbol(kCapture)]: false,
      [Symbol(kNeedDrain)]: false,
      [Symbol(corked)]: 0,
      [Symbol(kOutHeaders)]: null
    },
    [Symbol(async_id_symbol)]: 10,
    [Symbol(kHandle)]: TCP {
      reading: true,
      onconnection: null,
      _consumed: true,
      [Symbol(owner_symbol)]: [Circular *1]
    },
    [Symbol(kSetNoDelay)]: false,
    [Symbol(lastWriteQueueSize)]: 0,
    [Symbol(timeout)]: null,
    [Symbol(kBuffer)]: null,
    [Symbol(kBufferCb)]: null,
    [Symbol(kBufferGen)]: null,
    [Symbol(kCapture)]: false,
    [Symbol(kBytesRead)]: 0,
    [Symbol(kBytesWritten)]: 0,
    [Symbol(RequestTimeout)]: undefined
  },
  httpVersionMajor: 1,
  httpVersionMinor: 1,
  httpVersion: '1.1',
  complete: false,
  headers: {
    host: 'localhost:8080',
    connection: 'keep-alive',
    'cache-control': 'max-age=0',
    'sec-ch-ua': '" Not A;Brand";v="99", "Chromium";v="96", "Google Chrome";v="96"',
    'sec-ch-ua-mobile': '?0',
    'sec-ch-ua-platform': '"macOS"',
    'upgrade-insecure-requests': '1',
    'user-agent': 'Mozilla/5.0 (Macintosh; Intel Mac OS X 10_15_7) AppleWebKit/537.36 (KHTML, like Gecko) Chrome/96.0.4664.93 Safari/537.36',
    accept: 'text/html,application/xhtml+xml,application/xml;q=0.9,image/avif,image/webp,image/apng,*/*;q=0.8,application/signed-exchange;v=b3;q=0.9',
    'sec-fetch-site': 'none',
    'sec-fetch-mode': 'navigate',
    'sec-fetch-user': '?1',
    'sec-fetch-dest': 'document',
    'accept-encoding': 'gzip, deflate, br',
    'accept-language': 'zh-CN,zh;q=0.9,en;q=0.8,und;q=0.7',
    cookie: 'sensorsdata2015jssdkcross=%7B%22distinct_id%22%3A%2217c0cea3fc44c8-0f0d582485716d-5437971-250125-17c0cea3fc52f4%22%2C%22first_id%22%3A%22%22%2C%22props%22%3A%7B%22%24latest_traffic_source_type%22%3A%22url%E7%9A%84domain%E8%A7%A3%E6%9E%90%E5%A4%B1%E8%B4%A5%22%2C%22%24latest_search_keyword%22%3A%22url%E7%9A%84domain%E8%A7%A3%E6%9E%90%E5%A4%B1%E8%B4%A5%22%2C%22%24latest_referrer%22%3A%22url%E7%9A%84domain%E8%A7%A3%E6%9E%90%E5%A4%B1%E8%B4%A5%22%7D%2C%22%24device_id%22%3A%2217c0cea3fc44c8-0f0d582485716d-5437971-250125-17c0cea3fc52f4%22%7D; Hm_lvt_dfd2445765658d46619739a80fb5f6b2=1632653596; ssuid=8456631840; bad_idb0e6cf40-a70a-11eb-9a75-4d3e44bda0ca=f5772f41-1eb7-11ec-becb-59d7e42cd148; CLOUDID=1ea4bfa2-bc10-4ee5-94b3-dc2260e978e6; WM_UUID=d4354736-391e-405d-9a3d-5c72d84dd7c9; UM_distinctid=17d213aee94cc9-079b871ae7c61d-1c306851-13c680-17d213aee95b40; CNZZDATA1280306924=413962075-1636936331-%7C1636936331'
  },
  rawHeaders: [
    'Host',
    'localhost:8080',
    'Connection',
    'keep-alive',
    'Cache-Control',
    'max-age=0',
    'sec-ch-ua',
    '" Not A;Brand";v="99", "Chromium";v="96", "Google Chrome";v="96"',
    'sec-ch-ua-mobile',
    '?0',
    'sec-ch-ua-platform',
    '"macOS"',
    'Upgrade-Insecure-Requests',
    '1',
    'User-Agent',
    'Mozilla/5.0 (Macintosh; Intel Mac OS X 10_15_7) AppleWebKit/537.36 (KHTML, like Gecko) Chrome/96.0.4664.93 Safari/537.36',
    'Accept',
    'text/html,application/xhtml+xml,application/xml;q=0.9,image/avif,image/webp,image/apng,*/*;q=0.8,application/signed-exchange;v=b3;q=0.9',
    'Sec-Fetch-Site',
    'none',
    'Sec-Fetch-Mode',
    'navigate',
    'Sec-Fetch-User',
    '?1',
    'Sec-Fetch-Dest',
    'document',
    'Accept-Encoding',
    'gzip, deflate, br',
    'Accept-Language',
    'zh-CN,zh;q=0.9,en;q=0.8,und;q=0.7',
    'Cookie',
    'sensorsdata2015jssdkcross=%7B%22distinct_id%22%3A%2217c0cea3fc44c8-0f0d582485716d-5437971-250125-17c0cea3fc52f4%22%2C%22first_id%22%3A%22%22%2C%22props%22%3A%7B%22%24latest_traffic_source_type%22%3A%22url%E7%9A%84domain%E8%A7%A3%E6%9E%90%E5%A4%B1%E8%B4%A5%22%2C%22%24latest_search_keyword%22%3A%22url%E7%9A%84domain%E8%A7%A3%E6%9E%90%E5%A4%B1%E8%B4%A5%22%2C%22%24latest_referrer%22%3A%22url%E7%9A%84domain%E8%A7%A3%E6%9E%90%E5%A4%B1%E8%B4%A5%22%7D%2C%22%24device_id%22%3A%2217c0cea3fc44c8-0f0d582485716d-5437971-250125-17c0cea3fc52f4%22%7D; Hm_lvt_dfd2445765658d46619739a80fb5f6b2=1632653596; ssuid=8456631840; bad_idb0e6cf40-a70a-11eb-9a75-4d3e44bda0ca=f5772f41-1eb7-11ec-becb-59d7e42cd148; CLOUDID=1ea4bfa2-bc10-4ee5-94b3-dc2260e978e6; WM_UUID=d4354736-391e-405d-9a3d-5c72d84dd7c9; UM_distinctid=17d213aee94cc9-079b871ae7c61d-1c306851-13c680-17d213aee95b40; CNZZDATA1280306924=413962075-1636936331-%7C1636936331'
  ],
  trailers: {},
  rawTrailers: [],
  aborted: false,
  upgrade: false,
  url: '/',
  method: 'GET',
  statusCode: null,
  statusMessage: null,
  client: <ref *1> Socket {
    connecting: false,
    _hadError: false,
    _parent: null,
    _host: null,
    _readableState: ReadableState {
      objectMode: false,
      highWaterMark: 16384,
      buffer: BufferList { head: null, tail: null, length: 0 },
      length: 0,
      pipes: [],
      flowing: true,
      ended: false,
      endEmitted: false,
      reading: true,
      sync: false,
      needReadable: true,
      emittedReadable: false,
      readableListening: false,
      resumeScheduled: false,
      errorEmitted: false,
      emitClose: false,
      autoDestroy: false,
      destroyed: false,
      errored: null,
      closed: false,
      closeEmitted: false,
      defaultEncoding: 'utf8',
      awaitDrainWriters: null,
      multiAwaitDrain: false,
      readingMore: false,
      decoder: null,
      encoding: null,
      [Symbol(kPaused)]: false
    },
    _events: [Object: null prototype] {
      end: [Array],
      timeout: [Function: socketOnTimeout],
      data: [Function: bound socketOnData],
      error: [Function: socketOnError],
      close: [Array],
      drain: [Function: bound socketOnDrain],
      resume: [Function: onSocketResume],
      pause: [Function: onSocketPause]
    },
    _eventsCount: 8,
    _maxListeners: undefined,
    _writableState: WritableState {
      objectMode: false,
      highWaterMark: 16384,
      finalCalled: false,
      needDrain: false,
      ending: false,
      ended: false,
      finished: false,
      destroyed: false,
      decodeStrings: false,
      defaultEncoding: 'utf8',
      length: 0,
      writing: false,
      corked: 0,
      sync: true,
      bufferProcessing: false,
      onwrite: [Function: bound onwrite],
      writecb: null,
      writelen: 0,
      afterWriteTickInfo: null,
      buffered: [],
      bufferedIndex: 0,
      allBuffers: true,
      allNoop: true,
      pendingcb: 0,
      prefinished: false,
      errorEmitted: false,
      emitClose: false,
      autoDestroy: false,
      errored: null,
      closed: false,
      closeEmitted: false
    },
    allowHalfOpen: true,
    _sockname: null,
    _pendingData: null,
    _pendingEncoding: '',
    server: Server {
      maxHeaderSize: undefined,
      insecureHTTPParser: undefined,
      _events: [Object: null prototype],
      _eventsCount: 2,
      _maxListeners: undefined,
      _connections: 2,
      _handle: [TCP],
      _usingWorkers: false,
      _workers: [],
      _unref: false,
      allowHalfOpen: true,
      pauseOnConnect: false,
      httpAllowHalfOpen: false,
      timeout: 0,
      keepAliveTimeout: 5000,
      maxHeadersCount: null,
      headersTimeout: 60000,
      requestTimeout: 0,
      _connectionKey: '6::::8080',
      [Symbol(IncomingMessage)]: [Function: IncomingMessage],
      [Symbol(ServerResponse)]: [Function: ServerResponse],
      [Symbol(kCapture)]: false,
      [Symbol(async_id_symbol)]: 6
    },
    _server: Server {
      maxHeaderSize: undefined,
      insecureHTTPParser: undefined,
      _events: [Object: null prototype],
      _eventsCount: 2,
      _maxListeners: undefined,
      _connections: 2,
      _handle: [TCP],
      _usingWorkers: false,
      _workers: [],
      _unref: false,
      allowHalfOpen: true,
      pauseOnConnect: false,
      httpAllowHalfOpen: false,
      timeout: 0,
      keepAliveTimeout: 5000,
      maxHeadersCount: null,
      headersTimeout: 60000,
      requestTimeout: 0,
      _connectionKey: '6::::8080',
      [Symbol(IncomingMessage)]: [Function: IncomingMessage],
      [Symbol(ServerResponse)]: [Function: ServerResponse],
      [Symbol(kCapture)]: false,
      [Symbol(async_id_symbol)]: 6
    },
    parser: HTTPParser {
      '0': [Function: bound setRequestTimeout],
      '1': [Function: parserOnHeaders],
      '2': [Function: parserOnHeadersComplete],
      '3': [Function: parserOnBody],
      '4': [Function: parserOnMessageComplete],
      '5': [Function: bound onParserExecute],
      '6': [Function: bound onParserTimeout],
      _headers: [],
      _url: '',
      socket: [Circular *1],
      incoming: [Circular *2],
      outgoing: null,
      maxHeaderPairs: 2000,
      _consumed: true,
      onIncoming: [Function: bound parserOnIncoming],
      [Symbol(resource_symbol)]: [HTTPServerAsyncResource]
    },
    on: [Function: socketListenerWrap],
    addListener: [Function: socketListenerWrap],
    prependListener: [Function: socketListenerWrap],
    _paused: false,
    _httpMessage: ServerResponse {
      _events: [Object: null prototype],
      _eventsCount: 1,
      _maxListeners: undefined,
      outputData: [],
      outputSize: 0,
      writable: true,
      destroyed: false,
      _last: false,
      chunkedEncoding: false,
      shouldKeepAlive: true,
      _defaultKeepAlive: true,
      useChunkedEncodingByDefault: true,
      sendDate: true,
      _removedConnection: false,
      _removedContLen: false,
      _removedTE: false,
      _contentLength: null,
      _hasBody: true,
      _trailer: '',
      finished: false,
      _headerSent: false,
      socket: [Circular *1],
      _header: null,
      _keepAliveTimeout: 5000,
      _onPendingData: [Function: bound updateOutgoingData],
      _sent100: false,
      _expect_continue: false,
      [Symbol(kCapture)]: false,
      [Symbol(kNeedDrain)]: false,
      [Symbol(corked)]: 0,
      [Symbol(kOutHeaders)]: null
    },
    [Symbol(async_id_symbol)]: 10,
    [Symbol(kHandle)]: TCP {
      reading: true,
      onconnection: null,
      _consumed: true,
      [Symbol(owner_symbol)]: [Circular *1]
    },
    [Symbol(kSetNoDelay)]: false,
    [Symbol(lastWriteQueueSize)]: 0,
    [Symbol(timeout)]: null,
    [Symbol(kBuffer)]: null,
    [Symbol(kBufferCb)]: null,
    [Symbol(kBufferGen)]: null,
    [Symbol(kCapture)]: false,
    [Symbol(kBytesRead)]: 0,
    [Symbol(kBytesWritten)]: 0,
    [Symbol(RequestTimeout)]: undefined
  },
  _consuming: false,
  _dumped: false,
  [Symbol(kCapture)]: false,
  [Symbol(RequestTimeout)]: undefined
}
[2021-12-16T13:41:25.055] [DEBUG] cheese - <ref *2> IncomingMessage {
  _readableState: ReadableState {
    objectMode: false,
    highWaterMark: 16384,
    buffer: BufferList { head: null, tail: null, length: 0 },
    length: 0,
    pipes: [],
    flowing: null,
    ended: false,
    endEmitted: false,
    reading: false,
    sync: true,
    needReadable: false,
    emittedReadable: false,
    readableListening: false,
    resumeScheduled: false,
    errorEmitted: false,
    emitClose: true,
    autoDestroy: false,
    destroyed: false,
    errored: null,
    closed: false,
    closeEmitted: false,
    defaultEncoding: 'utf8',
    awaitDrainWriters: null,
    multiAwaitDrain: false,
    readingMore: true,
    decoder: null,
    encoding: null,
    [Symbol(kPaused)]: null
  },
  _events: [Object: null prototype] { end: [Function: clearRequestTimeout] },
  _eventsCount: 1,
  _maxListeners: undefined,
  socket: <ref *1> Socket {
    connecting: false,
    _hadError: false,
    _parent: null,
    _host: null,
    _readableState: ReadableState {
      objectMode: false,
      highWaterMark: 16384,
      buffer: BufferList { head: null, tail: null, length: 0 },
      length: 0,
      pipes: [],
      flowing: true,
      ended: false,
      endEmitted: false,
      reading: true,
      sync: false,
      needReadable: true,
      emittedReadable: false,
      readableListening: false,
      resumeScheduled: false,
      errorEmitted: false,
      emitClose: false,
      autoDestroy: false,
      destroyed: false,
      errored: null,
      closed: false,
      closeEmitted: false,
      defaultEncoding: 'utf8',
      awaitDrainWriters: null,
      multiAwaitDrain: false,
      readingMore: false,
      decoder: null,
      encoding: null,
      [Symbol(kPaused)]: false
    },
    _events: [Object: null prototype] {
      end: [Array],
      timeout: [Function: socketOnTimeout],
      data: [Function: bound socketOnData],
      error: [Function: socketOnError],
      close: [Array],
      drain: [Function: bound socketOnDrain],
      resume: [Function: onSocketResume],
      pause: [Function: onSocketPause]
    },
    _eventsCount: 8,
    _maxListeners: undefined,
    _writableState: WritableState {
      objectMode: false,
      highWaterMark: 16384,
      finalCalled: false,
      needDrain: false,
      ending: false,
      ended: false,
      finished: false,
      destroyed: false,
      decodeStrings: false,
      defaultEncoding: 'utf8',
      length: 0,
      writing: false,
      corked: 0,
      sync: true,
      bufferProcessing: false,
      onwrite: [Function: bound onwrite],
      writecb: null,
      writelen: 0,
      afterWriteTickInfo: null,
      buffered: [],
      bufferedIndex: 0,
      allBuffers: true,
      allNoop: true,
      pendingcb: 0,
      prefinished: false,
      errorEmitted: false,
      emitClose: false,
      autoDestroy: false,
      errored: null,
      closed: false,
      closeEmitted: false
    },
    allowHalfOpen: true,
    _sockname: null,
    _pendingData: null,
    _pendingEncoding: '',
    server: Server {
      maxHeaderSize: undefined,
      insecureHTTPParser: undefined,
      _events: [Object: null prototype],
      _eventsCount: 2,
      _maxListeners: undefined,
      _connections: 2,
      _handle: [TCP],
      _usingWorkers: false,
      _workers: [],
      _unref: false,
      allowHalfOpen: true,
      pauseOnConnect: false,
      httpAllowHalfOpen: false,
      timeout: 0,
      keepAliveTimeout: 5000,
      maxHeadersCount: null,
      headersTimeout: 60000,
      requestTimeout: 0,
      _connectionKey: '6::::8080',
      [Symbol(IncomingMessage)]: [Function: IncomingMessage],
      [Symbol(ServerResponse)]: [Function: ServerResponse],
      [Symbol(kCapture)]: false,
      [Symbol(async_id_symbol)]: 7
    },
    _server: Server {
      maxHeaderSize: undefined,
      insecureHTTPParser: undefined,
      _events: [Object: null prototype],
      _eventsCount: 2,
      _maxListeners: undefined,
      _connections: 2,
      _handle: [TCP],
      _usingWorkers: false,
      _workers: [],
      _unref: false,
      allowHalfOpen: true,
      pauseOnConnect: false,
      httpAllowHalfOpen: false,
      timeout: 0,
      keepAliveTimeout: 5000,
      maxHeadersCount: null,
      headersTimeout: 60000,
      requestTimeout: 0,
      _connectionKey: '6::::8080',
      [Symbol(IncomingMessage)]: [Function: IncomingMessage],
      [Symbol(ServerResponse)]: [Function: ServerResponse],
      [Symbol(kCapture)]: false,
      [Symbol(async_id_symbol)]: 7
    },
    parser: HTTPParser {
      '0': [Function: bound setRequestTimeout],
      '1': [Function: parserOnHeaders],
      '2': [Function: parserOnHeadersComplete],
      '3': [Function: parserOnBody],
      '4': [Function: parserOnMessageComplete],
      '5': [Function: bound onParserExecute],
      '6': [Function: bound onParserTimeout],
      _headers: [],
      _url: '',
      socket: [Circular *1],
      incoming: [Circular *2],
      outgoing: null,
      maxHeaderPairs: 2000,
      _consumed: true,
      onIncoming: [Function: bound parserOnIncoming],
      [Symbol(resource_symbol)]: [HTTPServerAsyncResource]
    },
    on: [Function: socketListenerWrap],
    addListener: [Function: socketListenerWrap],
    prependListener: [Function: socketListenerWrap],
    _paused: false,
    _httpMessage: ServerResponse {
      _events: [Object: null prototype],
      _eventsCount: 1,
      _maxListeners: undefined,
      outputData: [],
      outputSize: 0,
      writable: true,
      destroyed: false,
      _last: false,
      chunkedEncoding: false,
      shouldKeepAlive: true,
      _defaultKeepAlive: true,
      useChunkedEncodingByDefault: true,
      sendDate: true,
      _removedConnection: false,
      _removedContLen: false,
      _removedTE: false,
      _contentLength: null,
      _hasBody: true,
      _trailer: '',
      finished: false,
      _headerSent: false,
      socket: [Circular *1],
      _header: null,
      _keepAliveTimeout: 5000,
      _onPendingData: [Function: bound updateOutgoingData],
      _sent100: false,
      _expect_continue: false,
      [Symbol(kCapture)]: false,
      [Symbol(kNeedDrain)]: false,
      [Symbol(corked)]: 0,
      [Symbol(kOutHeaders)]: null
    },
    [Symbol(async_id_symbol)]: 11,
    [Symbol(kHandle)]: TCP {
      reading: true,
      onconnection: null,
      _consumed: true,
      [Symbol(owner_symbol)]: [Circular *1]
    },
    [Symbol(kSetNoDelay)]: false,
    [Symbol(lastWriteQueueSize)]: 0,
    [Symbol(timeout)]: null,
    [Symbol(kBuffer)]: null,
    [Symbol(kBufferCb)]: null,
    [Symbol(kBufferGen)]: null,
    [Symbol(kCapture)]: false,
    [Symbol(kBytesRead)]: 0,
    [Symbol(kBytesWritten)]: 0,
    [Symbol(RequestTimeout)]: undefined
  },
  httpVersionMajor: 1,
  httpVersionMinor: 1,
  httpVersion: '1.1',
  complete: false,
  headers: {
    host: 'localhost:8080',
    connection: 'keep-alive',
    'cache-control': 'max-age=0',
    'upgrade-insecure-requests': '1',
    'user-agent': 'Mozilla/5.0 (iPhone; CPU iPhone OS 13_2_3 like Mac OS X) AppleWebKit/605.1.15 (KHTML, like Gecko) Version/13.0.3 Mobile/15E148 Safari/604.1',
    accept: 'text/html,application/xhtml+xml,application/xml;q=0.9,image/avif,image/webp,image/apng,*/*;q=0.8,application/signed-exchange;v=b3;q=0.9',
    'sec-fetch-site': 'none',
    'sec-fetch-mode': 'navigate',
    'sec-fetch-user': '?1',
    'sec-fetch-dest': 'document',
    'accept-encoding': 'gzip, deflate, br',
    'accept-language': 'zh-CN,zh;q=0.9,en;q=0.8,und;q=0.7',
    cookie: 'sensorsdata2015jssdkcross=%7B%22distinct_id%22%3A%2217c0cea3fc44c8-0f0d582485716d-5437971-250125-17c0cea3fc52f4%22%2C%22first_id%22%3A%22%22%2C%22props%22%3A%7B%22%24latest_traffic_source_type%22%3A%22url%E7%9A%84domain%E8%A7%A3%E6%9E%90%E5%A4%B1%E8%B4%A5%22%2C%22%24latest_search_keyword%22%3A%22url%E7%9A%84domain%E8%A7%A3%E6%9E%90%E5%A4%B1%E8%B4%A5%22%2C%22%24latest_referrer%22%3A%22url%E7%9A%84domain%E8%A7%A3%E6%9E%90%E5%A4%B1%E8%B4%A5%22%7D%2C%22%24device_id%22%3A%2217c0cea3fc44c8-0f0d582485716d-5437971-250125-17c0cea3fc52f4%22%7D; Hm_lvt_dfd2445765658d46619739a80fb5f6b2=1632653596; ssuid=8456631840; bad_idb0e6cf40-a70a-11eb-9a75-4d3e44bda0ca=f5772f41-1eb7-11ec-becb-59d7e42cd148; CLOUDID=1ea4bfa2-bc10-4ee5-94b3-dc2260e978e6; WM_UUID=d4354736-391e-405d-9a3d-5c72d84dd7c9; UM_distinctid=17d213aee94cc9-079b871ae7c61d-1c306851-13c680-17d213aee95b40; CNZZDATA1280306924=413962075-1636936331-%7C1636936331'
  },
  rawHeaders: [
    'Host',
    'localhost:8080',
    'Connection',
    'keep-alive',
    'Cache-Control',
    'max-age=0',
    'Upgrade-Insecure-Requests',
    '1',
    'User-Agent',
    'Mozilla/5.0 (iPhone; CPU iPhone OS 13_2_3 like Mac OS X) AppleWebKit/605.1.15 (KHTML, like Gecko) Version/13.0.3 Mobile/15E148 Safari/604.1',
    'Accept',
    'text/html,application/xhtml+xml,application/xml;q=0.9,image/avif,image/webp,image/apng,*/*;q=0.8,application/signed-exchange;v=b3;q=0.9',
    'Sec-Fetch-Site',
    'none',
    'Sec-Fetch-Mode',
    'navigate',
    'Sec-Fetch-User',
    '?1',
    'Sec-Fetch-Dest',
    'document',
    'Accept-Encoding',
    'gzip, deflate, br',
    'Accept-Language',
    'zh-CN,zh;q=0.9,en;q=0.8,und;q=0.7',
    'Cookie',
    'sensorsdata2015jssdkcross=%7B%22distinct_id%22%3A%2217c0cea3fc44c8-0f0d582485716d-5437971-250125-17c0cea3fc52f4%22%2C%22first_id%22%3A%22%22%2C%22props%22%3A%7B%22%24latest_traffic_source_type%22%3A%22url%E7%9A%84domain%E8%A7%A3%E6%9E%90%E5%A4%B1%E8%B4%A5%22%2C%22%24latest_search_keyword%22%3A%22url%E7%9A%84domain%E8%A7%A3%E6%9E%90%E5%A4%B1%E8%B4%A5%22%2C%22%24latest_referrer%22%3A%22url%E7%9A%84domain%E8%A7%A3%E6%9E%90%E5%A4%B1%E8%B4%A5%22%7D%2C%22%24device_id%22%3A%2217c0cea3fc44c8-0f0d582485716d-5437971-250125-17c0cea3fc52f4%22%7D; Hm_lvt_dfd2445765658d46619739a80fb5f6b2=1632653596; ssuid=8456631840; bad_idb0e6cf40-a70a-11eb-9a75-4d3e44bda0ca=f5772f41-1eb7-11ec-becb-59d7e42cd148; CLOUDID=1ea4bfa2-bc10-4ee5-94b3-dc2260e978e6; WM_UUID=d4354736-391e-405d-9a3d-5c72d84dd7c9; UM_distinctid=17d213aee94cc9-079b871ae7c61d-1c306851-13c680-17d213aee95b40; CNZZDATA1280306924=413962075-1636936331-%7C1636936331'
  ],
  trailers: {},
  rawTrailers: [],
  aborted: false,
  upgrade: false,
  url: '/',
  method: 'GET',
  statusCode: null,
  statusMessage: null,
  client: <ref *1> Socket {
    connecting: false,
    _hadError: false,
    _parent: null,
    _host: null,
    _readableState: ReadableState {
      objectMode: false,
      highWaterMark: 16384,
      buffer: BufferList { head: null, tail: null, length: 0 },
      length: 0,
      pipes: [],
      flowing: true,
      ended: false,
      endEmitted: false,
      reading: true,
      sync: false,
      needReadable: true,
      emittedReadable: false,
      readableListening: false,
      resumeScheduled: false,
      errorEmitted: false,
      emitClose: false,
      autoDestroy: false,
      destroyed: false,
      errored: null,
      closed: false,
      closeEmitted: false,
      defaultEncoding: 'utf8',
      awaitDrainWriters: null,
      multiAwaitDrain: false,
      readingMore: false,
      decoder: null,
      encoding: null,
      [Symbol(kPaused)]: false
    },
    _events: [Object: null prototype] {
      end: [Array],
      timeout: [Function: socketOnTimeout],
      data: [Function: bound socketOnData],
      error: [Function: socketOnError],
      close: [Array],
      drain: [Function: bound socketOnDrain],
      resume: [Function: onSocketResume],
      pause: [Function: onSocketPause]
    },
    _eventsCount: 8,
    _maxListeners: undefined,
    _writableState: WritableState {
      objectMode: false,
      highWaterMark: 16384,
      finalCalled: false,
      needDrain: false,
      ending: false,
      ended: false,
      finished: false,
      destroyed: false,
      decodeStrings: false,
      defaultEncoding: 'utf8',
      length: 0,
      writing: false,
      corked: 0,
      sync: true,
      bufferProcessing: false,
      onwrite: [Function: bound onwrite],
      writecb: null,
      writelen: 0,
      afterWriteTickInfo: null,
      buffered: [],
      bufferedIndex: 0,
      allBuffers: true,
      allNoop: true,
      pendingcb: 0,
      prefinished: false,
      errorEmitted: false,
      emitClose: false,
      autoDestroy: false,
      errored: null,
      closed: false,
      closeEmitted: false
    },
    allowHalfOpen: true,
    _sockname: null,
    _pendingData: null,
    _pendingEncoding: '',
    server: Server {
      maxHeaderSize: undefined,
      insecureHTTPParser: undefined,
      _events: [Object: null prototype],
      _eventsCount: 2,
      _maxListeners: undefined,
      _connections: 2,
      _handle: [TCP],
      _usingWorkers: false,
      _workers: [],
      _unref: false,
      allowHalfOpen: true,
      pauseOnConnect: false,
      httpAllowHalfOpen: false,
      timeout: 0,
      keepAliveTimeout: 5000,
      maxHeadersCount: null,
      headersTimeout: 60000,
      requestTimeout: 0,
      _connectionKey: '6::::8080',
      [Symbol(IncomingMessage)]: [Function: IncomingMessage],
      [Symbol(ServerResponse)]: [Function: ServerResponse],
      [Symbol(kCapture)]: false,
      [Symbol(async_id_symbol)]: 7
    },
    _server: Server {
      maxHeaderSize: undefined,
      insecureHTTPParser: undefined,
      _events: [Object: null prototype],
      _eventsCount: 2,
      _maxListeners: undefined,
      _connections: 2,
      _handle: [TCP],
      _usingWorkers: false,
      _workers: [],
      _unref: false,
      allowHalfOpen: true,
      pauseOnConnect: false,
      httpAllowHalfOpen: false,
      timeout: 0,
      keepAliveTimeout: 5000,
      maxHeadersCount: null,
      headersTimeout: 60000,
      requestTimeout: 0,
      _connectionKey: '6::::8080',
      [Symbol(IncomingMessage)]: [Function: IncomingMessage],
      [Symbol(ServerResponse)]: [Function: ServerResponse],
      [Symbol(kCapture)]: false,
      [Symbol(async_id_symbol)]: 7
    },
    parser: HTTPParser {
      '0': [Function: bound setRequestTimeout],
      '1': [Function: parserOnHeaders],
      '2': [Function: parserOnHeadersComplete],
      '3': [Function: parserOnBody],
      '4': [Function: parserOnMessageComplete],
      '5': [Function: bound onParserExecute],
      '6': [Function: bound onParserTimeout],
      _headers: [],
      _url: '',
      socket: [Circular *1],
      incoming: [Circular *2],
      outgoing: null,
      maxHeaderPairs: 2000,
      _consumed: true,
      onIncoming: [Function: bound parserOnIncoming],
      [Symbol(resource_symbol)]: [HTTPServerAsyncResource]
    },
    on: [Function: socketListenerWrap],
    addListener: [Function: socketListenerWrap],
    prependListener: [Function: socketListenerWrap],
    _paused: false,
    _httpMessage: ServerResponse {
      _events: [Object: null prototype],
      _eventsCount: 1,
      _maxListeners: undefined,
      outputData: [],
      outputSize: 0,
      writable: true,
      destroyed: false,
      _last: false,
      chunkedEncoding: false,
      shouldKeepAlive: true,
      _defaultKeepAlive: true,
      useChunkedEncodingByDefault: true,
      sendDate: true,
      _removedConnection: false,
      _removedContLen: false,
      _removedTE: false,
      _contentLength: null,
      _hasBody: true,
      _trailer: '',
      finished: false,
      _headerSent: false,
      socket: [Circular *1],
      _header: null,
      _keepAliveTimeout: 5000,
      _onPendingData: [Function: bound updateOutgoingData],
      _sent100: false,
      _expect_continue: false,
      [Symbol(kCapture)]: false,
      [Symbol(kNeedDrain)]: false,
      [Symbol(corked)]: 0,
      [Symbol(kOutHeaders)]: null
    },
    [Symbol(async_id_symbol)]: 11,
    [Symbol(kHandle)]: TCP {
      reading: true,
      onconnection: null,
      _consumed: true,
      [Symbol(owner_symbol)]: [Circular *1]
    },
    [Symbol(kSetNoDelay)]: false,
    [Symbol(lastWriteQueueSize)]: 0,
    [Symbol(timeout)]: null,
    [Symbol(kBuffer)]: null,
    [Symbol(kBufferCb)]: null,
    [Symbol(kBufferGen)]: null,
    [Symbol(kCapture)]: false,
    [Symbol(kBytesRead)]: 0,
    [Symbol(kBytesWritten)]: 0,
    [Symbol(RequestTimeout)]: undefined
  },
  _consuming: false,
  _dumped: false,
  [Symbol(kCapture)]: false,
  [Symbol(RequestTimeout)]: undefined
}
[2021-12-16T18:20:22.396] [DEBUG] cheese - <ref *2> ServerResponse {
  _events: [Object: null prototype] { finish: [Function: bound resOnFinish] },
  _eventsCount: 1,
  _maxListeners: undefined,
  outputData: [],
  outputSize: 0,
  writable: true,
  destroyed: false,
  _last: false,
  chunkedEncoding: false,
  shouldKeepAlive: true,
  _defaultKeepAlive: true,
  useChunkedEncodingByDefault: true,
  sendDate: true,
  _removedConnection: false,
  _removedContLen: false,
  _removedTE: false,
  _contentLength: null,
  _hasBody: true,
  _trailer: '',
  finished: false,
  _headerSent: false,
  socket: <ref *1> Socket {
    connecting: false,
    _hadError: false,
    _parent: null,
    _host: null,
    _readableState: ReadableState {
      objectMode: false,
      highWaterMark: 16384,
      buffer: BufferList { head: null, tail: null, length: 0 },
      length: 0,
      pipes: [],
      flowing: true,
      ended: false,
      endEmitted: false,
      reading: true,
      sync: false,
      needReadable: true,
      emittedReadable: false,
      readableListening: false,
      resumeScheduled: false,
      errorEmitted: false,
      emitClose: false,
      autoDestroy: false,
      destroyed: false,
      errored: null,
      closed: false,
      closeEmitted: false,
      defaultEncoding: 'utf8',
      awaitDrainWriters: null,
      multiAwaitDrain: false,
      readingMore: false,
      decoder: null,
      encoding: null,
      [Symbol(kPaused)]: false
    },
    _events: [Object: null prototype] {
      end: [Array],
      timeout: [Function: socketOnTimeout],
      data: [Function: bound socketOnData],
      error: [Function: socketOnError],
      close: [Array],
      drain: [Function: bound socketOnDrain],
      resume: [Function: onSocketResume],
      pause: [Function: onSocketPause]
    },
    _eventsCount: 8,
    _maxListeners: undefined,
    _writableState: WritableState {
      objectMode: false,
      highWaterMark: 16384,
      finalCalled: false,
      needDrain: false,
      ending: false,
      ended: false,
      finished: false,
      destroyed: false,
      decodeStrings: false,
      defaultEncoding: 'utf8',
      length: 0,
      writing: false,
      corked: 0,
      sync: true,
      bufferProcessing: false,
      onwrite: [Function: bound onwrite],
      writecb: null,
      writelen: 0,
      afterWriteTickInfo: null,
      buffered: [],
      bufferedIndex: 0,
      allBuffers: true,
      allNoop: true,
      pendingcb: 0,
      prefinished: false,
      errorEmitted: false,
      emitClose: false,
      autoDestroy: false,
      errored: null,
      closed: false,
      closeEmitted: false
    },
    allowHalfOpen: true,
    _sockname: null,
    _pendingData: null,
    _pendingEncoding: '',
    server: Server {
      maxHeaderSize: undefined,
      insecureHTTPParser: undefined,
      _events: [Object: null prototype],
      _eventsCount: 2,
      _maxListeners: undefined,
      _connections: 2,
      _handle: [TCP],
      _usingWorkers: false,
      _workers: [],
      _unref: false,
      allowHalfOpen: true,
      pauseOnConnect: false,
      httpAllowHalfOpen: false,
      timeout: 0,
      keepAliveTimeout: 5000,
      maxHeadersCount: null,
      headersTimeout: 60000,
      requestTimeout: 0,
      _connectionKey: '6::::8080',
      [Symbol(IncomingMessage)]: [Function: IncomingMessage],
      [Symbol(ServerResponse)]: [Function: ServerResponse],
      [Symbol(kCapture)]: false,
      [Symbol(async_id_symbol)]: 6
    },
    _server: Server {
      maxHeaderSize: undefined,
      insecureHTTPParser: undefined,
      _events: [Object: null prototype],
      _eventsCount: 2,
      _maxListeners: undefined,
      _connections: 2,
      _handle: [TCP],
      _usingWorkers: false,
      _workers: [],
      _unref: false,
      allowHalfOpen: true,
      pauseOnConnect: false,
      httpAllowHalfOpen: false,
      timeout: 0,
      keepAliveTimeout: 5000,
      maxHeadersCount: null,
      headersTimeout: 60000,
      requestTimeout: 0,
      _connectionKey: '6::::8080',
      [Symbol(IncomingMessage)]: [Function: IncomingMessage],
      [Symbol(ServerResponse)]: [Function: ServerResponse],
      [Symbol(kCapture)]: false,
      [Symbol(async_id_symbol)]: 6
    },
    parser: HTTPParser {
      '0': [Function: bound setRequestTimeout],
      '1': [Function: parserOnHeaders],
      '2': [Function: parserOnHeadersComplete],
      '3': [Function: parserOnBody],
      '4': [Function: parserOnMessageComplete],
      '5': [Function: bound onParserExecute],
      '6': [Function: bound onParserTimeout],
      _headers: [],
      _url: '',
      socket: [Circular *1],
      incoming: [IncomingMessage],
      outgoing: null,
      maxHeaderPairs: 2000,
      _consumed: true,
      onIncoming: [Function: bound parserOnIncoming],
      [Symbol(resource_symbol)]: [HTTPServerAsyncResource]
    },
    on: [Function: socketListenerWrap],
    addListener: [Function: socketListenerWrap],
    prependListener: [Function: socketListenerWrap],
    _paused: false,
    _httpMessage: [Circular *2],
    [Symbol(async_id_symbol)]: 10,
    [Symbol(kHandle)]: TCP {
      reading: true,
      onconnection: null,
      _consumed: true,
      [Symbol(owner_symbol)]: [Circular *1]
    },
    [Symbol(kSetNoDelay)]: false,
    [Symbol(lastWriteQueueSize)]: 0,
    [Symbol(timeout)]: null,
    [Symbol(kBuffer)]: null,
    [Symbol(kBufferCb)]: null,
    [Symbol(kBufferGen)]: null,
    [Symbol(kCapture)]: false,
    [Symbol(kBytesRead)]: 0,
    [Symbol(kBytesWritten)]: 0,
    [Symbol(RequestTimeout)]: undefined
  },
  _header: null,
  _keepAliveTimeout: 5000,
  _onPendingData: [Function: bound updateOutgoingData],
  _sent100: false,
  _expect_continue: false,
  [Symbol(kCapture)]: false,
  [Symbol(kNeedDrain)]: false,
  [Symbol(corked)]: 0,
  [Symbol(kOutHeaders)]: null
}
[2021-12-16T18:20:25.000] [DEBUG] cheese - <ref *2> ServerResponse {
  _events: [Object: null prototype] { finish: [Function: bound resOnFinish] },
  _eventsCount: 1,
  _maxListeners: undefined,
  outputData: [],
  outputSize: 0,
  writable: true,
  destroyed: false,
  _last: false,
  chunkedEncoding: false,
  shouldKeepAlive: true,
  _defaultKeepAlive: true,
  useChunkedEncodingByDefault: true,
  sendDate: true,
  _removedConnection: false,
  _removedContLen: false,
  _removedTE: false,
  _contentLength: null,
  _hasBody: true,
  _trailer: '',
  finished: false,
  _headerSent: false,
  socket: <ref *1> Socket {
    connecting: false,
    _hadError: false,
    _parent: null,
    _host: null,
    _readableState: ReadableState {
      objectMode: false,
      highWaterMark: 16384,
      buffer: BufferList { head: null, tail: null, length: 0 },
      length: 0,
      pipes: [],
      flowing: true,
      ended: false,
      endEmitted: false,
      reading: true,
      sync: false,
      needReadable: true,
      emittedReadable: false,
      readableListening: false,
      resumeScheduled: false,
      errorEmitted: false,
      emitClose: false,
      autoDestroy: false,
      destroyed: false,
      errored: null,
      closed: false,
      closeEmitted: false,
      defaultEncoding: 'utf8',
      awaitDrainWriters: null,
      multiAwaitDrain: false,
      readingMore: false,
      decoder: null,
      encoding: null,
      [Symbol(kPaused)]: false
    },
    _events: [Object: null prototype] {
      end: [Array],
      timeout: [Function: socketOnTimeout],
      data: [Function: bound socketOnData],
      error: [Function: socketOnError],
      close: [Array],
      drain: [Function: bound socketOnDrain],
      resume: [Function: onSocketResume],
      pause: [Function: onSocketPause]
    },
    _eventsCount: 8,
    _maxListeners: undefined,
    _writableState: WritableState {
      objectMode: false,
      highWaterMark: 16384,
      finalCalled: false,
      needDrain: false,
      ending: false,
      ended: false,
      finished: false,
      destroyed: false,
      decodeStrings: false,
      defaultEncoding: 'utf8',
      length: 0,
      writing: false,
      corked: 0,
      sync: true,
      bufferProcessing: false,
      onwrite: [Function: bound onwrite],
      writecb: null,
      writelen: 0,
      afterWriteTickInfo: null,
      buffered: [],
      bufferedIndex: 0,
      allBuffers: true,
      allNoop: true,
      pendingcb: 0,
      prefinished: false,
      errorEmitted: false,
      emitClose: false,
      autoDestroy: false,
      errored: null,
      closed: false,
      closeEmitted: false
    },
    allowHalfOpen: true,
    _sockname: null,
    _pendingData: null,
    _pendingEncoding: '',
    server: Server {
      maxHeaderSize: undefined,
      insecureHTTPParser: undefined,
      _events: [Object: null prototype],
      _eventsCount: 2,
      _maxListeners: undefined,
      _connections: 2,
      _handle: [TCP],
      _usingWorkers: false,
      _workers: [],
      _unref: false,
      allowHalfOpen: true,
      pauseOnConnect: false,
      httpAllowHalfOpen: false,
      timeout: 0,
      keepAliveTimeout: 5000,
      maxHeadersCount: null,
      headersTimeout: 60000,
      requestTimeout: 0,
      _connectionKey: '6::::8080',
      [Symbol(IncomingMessage)]: [Function: IncomingMessage],
      [Symbol(ServerResponse)]: [Function: ServerResponse],
      [Symbol(kCapture)]: false,
      [Symbol(async_id_symbol)]: 6
    },
    _server: Server {
      maxHeaderSize: undefined,
      insecureHTTPParser: undefined,
      _events: [Object: null prototype],
      _eventsCount: 2,
      _maxListeners: undefined,
      _connections: 2,
      _handle: [TCP],
      _usingWorkers: false,
      _workers: [],
      _unref: false,
      allowHalfOpen: true,
      pauseOnConnect: false,
      httpAllowHalfOpen: false,
      timeout: 0,
      keepAliveTimeout: 5000,
      maxHeadersCount: null,
      headersTimeout: 60000,
      requestTimeout: 0,
      _connectionKey: '6::::8080',
      [Symbol(IncomingMessage)]: [Function: IncomingMessage],
      [Symbol(ServerResponse)]: [Function: ServerResponse],
      [Symbol(kCapture)]: false,
      [Symbol(async_id_symbol)]: 6
    },
    parser: HTTPParser {
      '0': [Function: bound setRequestTimeout],
      '1': [Function: parserOnHeaders],
      '2': [Function: parserOnHeadersComplete],
      '3': [Function: parserOnBody],
      '4': [Function: parserOnMessageComplete],
      '5': [Function: bound onParserExecute],
      '6': [Function: bound onParserTimeout],
      _headers: [],
      _url: '',
      socket: [Circular *1],
      incoming: [IncomingMessage],
      outgoing: null,
      maxHeaderPairs: 2000,
      _consumed: true,
      onIncoming: [Function: bound parserOnIncoming],
      [Symbol(resource_symbol)]: [HTTPServerAsyncResource]
    },
    on: [Function: socketListenerWrap],
    addListener: [Function: socketListenerWrap],
    prependListener: [Function: socketListenerWrap],
    _paused: false,
    _httpMessage: [Circular *2],
    [Symbol(async_id_symbol)]: 13,
    [Symbol(kHandle)]: TCP {
      reading: true,
      onconnection: null,
      _consumed: true,
      [Symbol(owner_symbol)]: [Circular *1]
    },
    [Symbol(kSetNoDelay)]: false,
    [Symbol(lastWriteQueueSize)]: 0,
    [Symbol(timeout)]: null,
    [Symbol(kBuffer)]: null,
    [Symbol(kBufferCb)]: null,
    [Symbol(kBufferGen)]: null,
    [Symbol(kCapture)]: false,
    [Symbol(kBytesRead)]: 0,
    [Symbol(kBytesWritten)]: 0,
    [Symbol(RequestTimeout)]: undefined
  },
  _header: null,
  _keepAliveTimeout: 5000,
  _onPendingData: [Function: bound updateOutgoingData],
  _sent100: false,
  _expect_continue: false,
  [Symbol(kCapture)]: false,
  [Symbol(kNeedDrain)]: false,
  [Symbol(corked)]: 0,
  [Symbol(kOutHeaders)]: null
}
[2021-12-16T18:21:11.853] [DEBUG] cheese - <ref *2> ServerResponse {
  _events: [Object: null prototype] { finish: [Function: bound resOnFinish] },
  _eventsCount: 1,
  _maxListeners: undefined,
  outputData: [],
  outputSize: 0,
  writable: true,
  destroyed: false,
  _last: false,
  chunkedEncoding: false,
  shouldKeepAlive: true,
  _defaultKeepAlive: true,
  useChunkedEncodingByDefault: true,
  sendDate: true,
  _removedConnection: false,
  _removedContLen: false,
  _removedTE: false,
  _contentLength: null,
  _hasBody: true,
  _trailer: '',
  finished: false,
  _headerSent: false,
  socket: <ref *1> Socket {
    connecting: false,
    _hadError: false,
    _parent: null,
    _host: null,
    _readableState: ReadableState {
      objectMode: false,
      highWaterMark: 16384,
      buffer: BufferList { head: null, tail: null, length: 0 },
      length: 0,
      pipes: [],
      flowing: true,
      ended: false,
      endEmitted: false,
      reading: true,
      sync: false,
      needReadable: true,
      emittedReadable: false,
      readableListening: false,
      resumeScheduled: false,
      errorEmitted: false,
      emitClose: false,
      autoDestroy: false,
      destroyed: false,
      errored: null,
      closed: false,
      closeEmitted: false,
      defaultEncoding: 'utf8',
      awaitDrainWriters: null,
      multiAwaitDrain: false,
      readingMore: false,
      decoder: null,
      encoding: null,
      [Symbol(kPaused)]: false
    },
    _events: [Object: null prototype] {
      end: [Array],
      timeout: [Function: socketOnTimeout],
      data: [Function: bound socketOnData],
      error: [Function: socketOnError],
      close: [Array],
      drain: [Function: bound socketOnDrain],
      resume: [Function: onSocketResume],
      pause: [Function: onSocketPause]
    },
    _eventsCount: 8,
    _maxListeners: undefined,
    _writableState: WritableState {
      objectMode: false,
      highWaterMark: 16384,
      finalCalled: false,
      needDrain: false,
      ending: false,
      ended: false,
      finished: false,
      destroyed: false,
      decodeStrings: false,
      defaultEncoding: 'utf8',
      length: 0,
      writing: false,
      corked: 0,
      sync: true,
      bufferProcessing: false,
      onwrite: [Function: bound onwrite],
      writecb: null,
      writelen: 0,
      afterWriteTickInfo: null,
      buffered: [],
      bufferedIndex: 0,
      allBuffers: true,
      allNoop: true,
      pendingcb: 0,
      prefinished: false,
      errorEmitted: false,
      emitClose: false,
      autoDestroy: false,
      errored: null,
      closed: false,
      closeEmitted: false
    },
    allowHalfOpen: true,
    _sockname: null,
    _pendingData: null,
    _pendingEncoding: '',
    server: Server {
      maxHeaderSize: undefined,
      insecureHTTPParser: undefined,
      _events: [Object: null prototype],
      _eventsCount: 2,
      _maxListeners: undefined,
      _connections: 2,
      _handle: [TCP],
      _usingWorkers: false,
      _workers: [],
      _unref: false,
      allowHalfOpen: true,
      pauseOnConnect: false,
      httpAllowHalfOpen: false,
      timeout: 0,
      keepAliveTimeout: 5000,
      maxHeadersCount: null,
      headersTimeout: 60000,
      requestTimeout: 0,
      _connectionKey: '6::::8080',
      [Symbol(IncomingMessage)]: [Function: IncomingMessage],
      [Symbol(ServerResponse)]: [Function: ServerResponse],
      [Symbol(kCapture)]: false,
      [Symbol(async_id_symbol)]: 6
    },
    _server: Server {
      maxHeaderSize: undefined,
      insecureHTTPParser: undefined,
      _events: [Object: null prototype],
      _eventsCount: 2,
      _maxListeners: undefined,
      _connections: 2,
      _handle: [TCP],
      _usingWorkers: false,
      _workers: [],
      _unref: false,
      allowHalfOpen: true,
      pauseOnConnect: false,
      httpAllowHalfOpen: false,
      timeout: 0,
      keepAliveTimeout: 5000,
      maxHeadersCount: null,
      headersTimeout: 60000,
      requestTimeout: 0,
      _connectionKey: '6::::8080',
      [Symbol(IncomingMessage)]: [Function: IncomingMessage],
      [Symbol(ServerResponse)]: [Function: ServerResponse],
      [Symbol(kCapture)]: false,
      [Symbol(async_id_symbol)]: 6
    },
    parser: HTTPParser {
      '0': [Function: bound setRequestTimeout],
      '1': [Function: parserOnHeaders],
      '2': [Function: parserOnHeadersComplete],
      '3': [Function: parserOnBody],
      '4': [Function: parserOnMessageComplete],
      '5': [Function: bound onParserExecute],
      '6': [Function: bound onParserTimeout],
      _headers: [],
      _url: '',
      socket: [Circular *1],
      incoming: [IncomingMessage],
      outgoing: null,
      maxHeaderPairs: 2000,
      _consumed: true,
      onIncoming: [Function: bound parserOnIncoming],
      [Symbol(resource_symbol)]: [HTTPServerAsyncResource]
    },
    on: [Function: socketListenerWrap],
    addListener: [Function: socketListenerWrap],
    prependListener: [Function: socketListenerWrap],
    _paused: false,
    _httpMessage: [Circular *2],
    [Symbol(async_id_symbol)]: 23,
    [Symbol(kHandle)]: TCP {
      reading: true,
      onconnection: null,
      _consumed: true,
      [Symbol(owner_symbol)]: [Circular *1]
    },
    [Symbol(kSetNoDelay)]: false,
    [Symbol(lastWriteQueueSize)]: 0,
    [Symbol(timeout)]: null,
    [Symbol(kBuffer)]: null,
    [Symbol(kBufferCb)]: null,
    [Symbol(kBufferGen)]: null,
    [Symbol(kCapture)]: false,
    [Symbol(kBytesRead)]: 0,
    [Symbol(kBytesWritten)]: 0,
    [Symbol(RequestTimeout)]: undefined
  },
  _header: null,
  _keepAliveTimeout: 5000,
  _onPendingData: [Function: bound updateOutgoingData],
  _sent100: false,
  _expect_continue: false,
  [Symbol(kCapture)]: false,
  [Symbol(kNeedDrain)]: false,
  [Symbol(corked)]: 0,
  [Symbol(kOutHeaders)]: null
}
[2021-12-17T13:26:44.603] [DEBUG] cheese - username=tongyi&password=123
